2024-10-02T18:34:40.732+01:00  INFO 7284 --- [mbrailway] [restartedMain] n.mbrailway.MbrailwayApplication         : Starting MbrailwayApplication using Java 18.0.1.1 with PID 7284 (C:\Users\User\Documents\kenneth\project\mbrailway\target\classes started by User in C:\Users\User\Documents\kenneth\project\mbrailway)
2024-10-02T18:34:40.762+01:00  INFO 7284 --- [mbrailway] [restartedMain] n.mbrailway.MbrailwayApplication         : No active profile set, falling back to 1 default profile: "default"
2024-10-02T18:34:41.384+01:00  INFO 7284 --- [mbrailway] [restartedMain] .e.DevToolsPropertyDefaultsPostProcessor : Devtools property defaults active! Set 'spring.devtools.add-properties' to 'false' to disable
2024-10-02T18:34:41.384+01:00  INFO 7284 --- [mbrailway] [restartedMain] .e.DevToolsPropertyDefaultsPostProcessor : For additional web related logging consider setting the 'logging.level.web' property to 'DEBUG'
2024-10-02T18:34:45.711+01:00  INFO 7284 --- [mbrailway] [restartedMain] .s.d.r.c.RepositoryConfigurationDelegate : Bootstrapping Spring Data JPA repositories in DEFAULT mode.
2024-10-02T18:34:45.989+01:00  INFO 7284 --- [mbrailway] [restartedMain] .s.d.r.c.RepositoryConfigurationDelegate : Finished Spring Data repository scanning in 245 ms. Found 3 JPA repository interfaces.
2024-10-02T18:34:48.201+01:00  INFO 7284 --- [mbrailway] [restartedMain] o.s.b.w.embedded.tomcat.TomcatWebServer  : Tomcat initialized with port 8080 (http)
2024-10-02T18:34:48.240+01:00  INFO 7284 --- [mbrailway] [restartedMain] o.apache.catalina.core.StandardService   : Starting service [Tomcat]
2024-10-02T18:34:48.241+01:00  INFO 7284 --- [mbrailway] [restartedMain] o.apache.catalina.core.StandardEngine    : Starting Servlet engine: [Apache Tomcat/10.1.19]
2024-10-02T18:34:48.399+01:00  INFO 7284 --- [mbrailway] [restartedMain] o.a.c.c.C.[Tomcat].[localhost].[/]       : Initializing Spring embedded WebApplicationContext
2024-10-02T18:34:48.400+01:00  INFO 7284 --- [mbrailway] [restartedMain] w.s.c.ServletWebServerApplicationContext : Root WebApplicationContext: initialization completed in 7014 ms
2024-10-02T18:34:48.525+01:00  INFO 7284 --- [mbrailway] [restartedMain] com.zaxxer.hikari.HikariDataSource       : HikariPool-1 - Starting...
2024-10-02T18:34:53.141+01:00  INFO 7284 --- [mbrailway] [restartedMain] com.zaxxer.hikari.pool.HikariPool        : HikariPool-1 - Added connection com.mysql.cj.jdbc.ConnectionImpl@72e9f51c
2024-10-02T18:34:53.145+01:00  INFO 7284 --- [mbrailway] [restartedMain] com.zaxxer.hikari.HikariDataSource       : HikariPool-1 - Start completed.
2024-10-02T18:34:53.164+01:00  INFO 7284 --- [mbrailway] [restartedMain] o.s.b.a.h2.H2ConsoleAutoConfiguration    : H2 console available at '/h2-console'. Database available at 'jdbc:mysql://localhost:3306/mbrailway?createDatabaseIfNotExist=true'
2024-10-02T18:34:53.935+01:00  INFO 7284 --- [mbrailway] [restartedMain] o.hibernate.jpa.internal.util.LogHelper  : HHH000204: Processing PersistenceUnitInfo [name: default]
2024-10-02T18:34:54.317+01:00  INFO 7284 --- [mbrailway] [restartedMain] org.hibernate.Version                    : HHH000412: Hibernate ORM core version 6.4.4.Final
2024-10-02T18:34:54.427+01:00  INFO 7284 --- [mbrailway] [restartedMain] o.h.c.internal.RegionFactoryInitiator    : HHH000026: Second-level cache disabled
2024-10-02T18:34:55.473+01:00  INFO 7284 --- [mbrailway] [restartedMain] o.s.o.j.p.SpringPersistenceUnitInfo      : No LoadTimeWeaver setup: ignoring JPA class transformer
2024-10-02T18:34:58.782+01:00  INFO 7284 --- [mbrailway] [restartedMain] o.h.e.t.j.p.i.JtaPlatformInitiator       : HHH000489: No JTA platform available (set 'hibernate.transaction.jta.platform' to enable JTA platform integration)
2024-10-02T18:35:08.045+01:00  INFO 7284 --- [mbrailway] [restartedMain] j.LocalContainerEntityManagerFactoryBean : Initialized JPA EntityManagerFactory for persistence unit 'default'
2024-10-02T18:35:14.823+01:00  WARN 7284 --- [mbrailway] [restartedMain] JpaBaseConfiguration$JpaWebConfiguration : spring.jpa.open-in-view is enabled by default. Therefore, database queries may be performed during view rendering. Explicitly configure spring.jpa.open-in-view to disable this warning
2024-10-02T18:35:17.397+01:00  INFO 7284 --- [mbrailway] [restartedMain] o.s.b.a.w.s.WelcomePageHandlerMapping    : Adding welcome page template: index
2024-10-02T18:35:19.398+01:00  INFO 7284 --- [mbrailway] [restartedMain] o.s.s.web.DefaultSecurityFilterChain     : Will secure any request with [org.springframework.security.web.session.DisableEncodeUrlFilter@42ced5b9, org.springframework.security.web.context.request.async.WebAsyncManagerIntegrationFilter@6942baea, org.springframework.security.web.context.SecurityContextHolderFilter@7a266ca0, org.springframework.security.web.header.HeaderWriterFilter@1e391c97, org.springframework.web.filter.CorsFilter@32b6a241, org.springframework.security.web.authentication.logout.LogoutFilter@1afb1ea4, org.springframework.security.web.authentication.UsernamePasswordAuthenticationFilter@283e7239, org.springframework.security.web.savedrequest.RequestCacheAwareFilter@6a05825, org.springframework.security.web.servletapi.SecurityContextHolderAwareRequestFilter@15aea48a, org.springframework.security.web.authentication.AnonymousAuthenticationFilter@52a1821a, org.springframework.security.web.access.ExceptionTranslationFilter@2fc4a706, org.springframework.security.web.access.intercept.AuthorizationFilter@272190ca]
2024-10-02T18:35:21.589+01:00  INFO 7284 --- [mbrailway] [restartedMain] o.s.b.d.a.OptionalLiveReloadServer       : LiveReload server is running on port 35729
2024-10-02T18:35:21.728+01:00  INFO 7284 --- [mbrailway] [restartedMain] o.s.b.w.embedded.tomcat.TomcatWebServer  : Tomcat started on port 8080 (http) with context path ''
2024-10-02T18:35:21.786+01:00  INFO 7284 --- [mbrailway] [restartedMain] n.mbrailway.MbrailwayApplication         : Started MbrailwayApplication in 43.857 seconds (process running for 47.054)
2024-10-02T18:36:23.745+01:00  INFO 7284 --- [mbrailway] [http-nio-8080-exec-1] o.a.c.c.C.[Tomcat].[localhost].[/]       : Initializing Spring DispatcherServlet 'dispatcherServlet'
2024-10-02T18:36:23.746+01:00  INFO 7284 --- [mbrailway] [http-nio-8080-exec-1] o.s.web.servlet.DispatcherServlet        : Initializing Servlet 'dispatcherServlet'
2024-10-02T18:36:23.748+01:00  INFO 7284 --- [mbrailway] [http-nio-8080-exec-1] o.s.web.servlet.DispatcherServlet        : Completed initialization in 2 ms
2024-10-02T18:36:26.584+01:00  WARN 7284 --- [mbrailway] [http-nio-8080-exec-1] actStandardFragmentInsertionTagProcessor : [THYMELEAF][http-nio-8080-exec-1][index] Deprecated unwrapped fragment expression "fragments/header :: header" found in template index, line 18, col 9. Please use the complete syntax of fragment expressions instead ("~{fragments/header :: header}"). The old, unwrapped syntax for fragment expressions will be removed in future versions of Thymeleaf.
2024-10-02T18:36:26.895+01:00  WARN 7284 --- [mbrailway] [http-nio-8080-exec-1] actStandardFragmentInsertionTagProcessor : [THYMELEAF][http-nio-8080-exec-1][index] Deprecated unwrapped fragment expression "fragments/bookings  :: bookings" found in template index, line 39, col 27. Please use the complete syntax of fragment expressions instead ("~{fragments/bookings  :: bookings}"). The old, unwrapped syntax for fragment expressions will be removed in future versions of Thymeleaf.
2024-10-02T18:36:26.997+01:00  WARN 7284 --- [mbrailway] [http-nio-8080-exec-1] actStandardFragmentInsertionTagProcessor : [THYMELEAF][http-nio-8080-exec-1][index] Deprecated unwrapped fragment expression "fragments/newsletter  :: newsletter" found in template index, line 87, col 37. Please use the complete syntax of fragment expressions instead ("~{fragments/newsletter  :: newsletter}"). The old, unwrapped syntax for fragment expressions will be removed in future versions of Thymeleaf.
2024-10-02T18:36:27.001+01:00  WARN 7284 --- [mbrailway] [http-nio-8080-exec-1] actStandardFragmentInsertionTagProcessor : [THYMELEAF][http-nio-8080-exec-1][index] Deprecated unwrapped fragment expression "fragments/footer :: footer" found in template index, line 93, col 9. Please use the complete syntax of fragment expressions instead ("~{fragments/footer :: footer}"). The old, unwrapped syntax for fragment expressions will be removed in future versions of Thymeleaf.
